platforms/android/app/build/outputs/logs/manifest-merger-debug-report.txt
-- Merging decision tree log ---
provider#org.apache.cordova.camera.FileProvider
INJECTED from src/main/AndroidManifest.xml:12:9-14:20
	android:grantUriPermissions
		ADDED from src/main/AndroidManifest.xml:12:92-126
	android:authorities
		INJECTED from src/main/AndroidManifest.xml
		ADDED from src/main/AndroidManifest.xml:12:19-66
	android:exported
		ADDED from src/main/AndroidManifest.xml:12:67-91
	android:name
		ADDED from src/main/AndroidManifest.xml:12:127-180
manifest
ADDED from src/main/AndroidManifest.xml:2:1-25:12
INJECTED from src/main/AndroidManifest.xml:2:1-25:12
INJECTED from src/main/AndroidManifest.xml:2:1-25:12
INJECTED from src/main/AndroidManifest.xml:2:1-25:12
MERGED from [com.facebook.android:facebook-android-sdk:5.5.2] AndroidManifest.xml:21:1-31:12
MERGED from [com.facebook.android:facebook-login:5.5.2] AndroidManifest.xml:21:1-31:12
MERGED from [com.facebook.android:facebook-share:5.5.2] AndroidManifest.xml:21:1-31:12
MERGED from [com.facebook.android:facebook-common:5.5.2] AndroidManifest.xml:21:1-37:12
MERGED from [com.facebook.android:facebook-places:5.5.2] AndroidManifest.xml:21:1-31:12
MERGED from [com.facebook.android:facebook-applinks:5.5.2] AndroidManifest.xml:21:1-31:12
MERGED from [com.facebook.android:facebook-messenger:5.5.2] AndroidManifest.xml:21:1-31:12
MERGED from [com.facebook.android:facebook-core:5.5.2] AndroidManifest.xml:21:1-61:12
MERGED from [com.android.support:appcompat-v7:27.0.2] AndroidManifest.xml:17:1-22:12
MERGED from [com.android.support:cardview-v7:27.0.2] AndroidManifest.xml:17:1-22:12
MERGED from [com.android.support:customtabs:27.0.2] AndroidManifest.xml:17:1-22:12
MERGED from [com.android.support:animated-vector-drawable:27.0.2] AndroidManifest.xml:17:1-22:12
MERGED from [com.android.support:support-vector-drawable:27.0.2] AndroidManifest.xml:17:1-22:12
MERGED from [com.android.support:support-v4:27.1.1] AndroidManifest.xml:17:1-22:12
MERGED from [com.android.support:support-fragment:27.1.1] AndroidManifest.xml:17:1-22:12
MERGED from [com.android.support:support-core-ui:27.1.1] AndroidManifest.xml:17:1-22:12
MERGED from [com.android.support:support-core-utils:27.1.1] AndroidManifest.xml:17:1-22:12
MERGED from [com.android.support:support-media-compat:27.1.1] AndroidManifest.xml:17:1-22:12
MERGED from [com.android.support:support-compat:27.1.1] AndroidManifest.xml:17:1-22:12
MERGED from [:CordovaLib] AndroidManifest.xml:20:1-27:12
MERGED from [android.arch.lifecycle:runtime:1.1.0] AndroidManifest.xml:17:1-22:12
MERGED from [android.arch.lifecycle:livedata-core:1.1.0] AndroidManifest.xml:17:1-22:12
MERGED from [android.arch.lifecycle:viewmodel:1.1.0] AndroidManifest.xml:17:1-22:12
MERGED from [android.arch.core:runtime:1.1.0] AndroidManifest.xml:17:1-22:12
INJECTED from src/main/AndroidManifest.xml:2:1-25:12
INJECTED from src/main/AndroidManifest.xml:2:1-25:12
INJECTED from src/main/AndroidManifest.xml:2:1-25:12
	package
		ADDED from src/main/AndroidManifest.xml:2:98-126
		INJECTED from src/main/AndroidManifest.xml
		INJECTED from src/main/AndroidManifest.xml
	android:versionName
		ADDED from src/main/AndroidManifest.xml:2:70-97
		INJECTED from src/main/AndroidManifest.xml
		INJECTED from src/main/AndroidManifest.xml
	android:hardwareAccelerated
		ADDED from src/main/AndroidManifest.xml:2:11-45
	xmlns:android
		ADDED from src/main/AndroidManifest.xml:2:127-185
	android:versionCode
		ADDED from src/main/AndroidManifest.xml:2:46-69
		INJECTED from src/main/AndroidManifest.xml
		INJECTED from src/main/AndroidManifest.xml
supports-screens
ADDED from src/main/AndroidManifest.xml:3:5-191
	android:largeScreens
		ADDED from src/main/AndroidManifest.xml:3:49-76
	android:smallScreens
		ADDED from src/main/AndroidManifest.xml:3:132-159
	android:normalScreens
		ADDED from src/main/AndroidManifest.xml:3:77-105
	android:xlargeScreens
		ADDED from src/main/AndroidManifest.xml:3:160-188
	android:resizeable
		ADDED from src/main/AndroidManifest.xml:3:106-131
	android:anyDensity
		ADDED from src/main/AndroidManifest.xml:3:23-48
uses-permission#android.permission.INTERNET
ADDED from src/main/AndroidManifest.xml:4:5-67
	android:name
		ADDED from src/main/AndroidManifest.xml:4:22-64
application
ADDED from src/main/AndroidManifest.xml:5:5-20:19
MERGED from [com.facebook.android:facebook-android-sdk:5.5.2] AndroidManifest.xml:28:5-29:19
MERGED from [com.facebook.android:facebook-android-sdk:5.5.2] AndroidManifest.xml:28:5-29:19
MERGED from [com.facebook.android:facebook-login:5.5.2] AndroidManifest.xml:28:5-29:19
MERGED from [com.facebook.android:facebook-login:5.5.2] AndroidManifest.xml:28:5-29:19
MERGED from [com.facebook.android:facebook-share:5.5.2] AndroidManifest.xml:28:5-29:19
MERGED from [com.facebook.android:facebook-share:5.5.2] AndroidManifest.xml:28:5-29:19
MERGED from [com.facebook.android:facebook-common:5.5.2] AndroidManifest.xml:28:5-35:19
MERGED from [com.facebook.android:facebook-common:5.5.2] AndroidManifest.xml:28:5-35:19
MERGED from [com.facebook.android:facebook-places:5.5.2] AndroidManifest.xml:28:5-29:19
MERGED from [com.facebook.android:facebook-places:5.5.2] AndroidManifest.xml:28:5-29:19
MERGED from [com.facebook.android:facebook-applinks:5.5.2] AndroidManifest.xml:28:5-29:19
MERGED from [com.facebook.android:facebook-applinks:5.5.2] AndroidManifest.xml:28:5-29:19
MERGED from [com.facebook.android:facebook-messenger:5.5.2] AndroidManifest.xml:28:5-29:19
MERGED from [com.facebook.android:facebook-messenger:5.5.2] AndroidManifest.xml:28:5-29:19
MERGED from [com.facebook.android:facebook-core:5.5.2] AndroidManifest.xml:28:5-59:19
MERGED from [com.facebook.android:facebook-core:5.5.2] AndroidManifest.xml:28:5-59:19
	android:supportsRtl
		ADDED from src/main/AndroidManifest.xml:5:175-201
	android:label
		ADDED from src/main/AndroidManifest.xml:5:81-113
	android:hardwareAccelerated
		ADDED from src/main/AndroidManifest.xml:5:18-52
	android:icon
		ADDED from src/main/AndroidManifest.xml:5:53-80
	android:networkSecurityConfig
		ADDED from src/main/AndroidManifest.xml:5:114-174
activity#com.bikeboerse.app.MainActivity
ADDED from src/main/AndroidManifest.xml:6:9-11:20
	android:label
		ADDED from src/main/AndroidManifest.xml:6:97-134
	android:launchMode
		ADDED from src/main/AndroidManifest.xml:6:135-165
	android:windowSoftInputMode
		ADDED from src/main/AndroidManifest.xml:6:257-299
	android:configChanges
		ADDED from src/main/AndroidManifest.xml:6:19-96
	android:theme
		ADDED from src/main/AndroidManifest.xml:6:194-256
	android:name
		ADDED from src/main/AndroidManifest.xml:6:166-193
intent-filter#android.intent.action.MAIN+android.intent.category.LAUNCHER
ADDED from src/main/AndroidManifest.xml:7:13-10:29
	android:label
		ADDED from src/main/AndroidManifest.xml:7:28-65
action#android.intent.action.MAIN
ADDED from src/main/AndroidManifest.xml:8:17-69
	android:name
		ADDED from src/main/AndroidManifest.xml:8:25-66
category#android.intent.category.LAUNCHER
ADDED from src/main/AndroidManifest.xml:9:17-77
	android:name
		ADDED from src/main/AndroidManifest.xml:9:27-74
activity#com.keyes.youtube.OpenYouTubePlayerActivity
ADDED from src/main/AndroidManifest.xml:15:9-118
	android:screenOrientation
		ADDED from src/main/AndroidManifest.xml:15:78-115
	android:name
		ADDED from src/main/AndroidManifest.xml:15:19-77
activity#com.bunkerpalace.cordova.YouTubeActivity
ADDED from src/main/AndroidManifest.xml:16:9-321
	android:label
		ADDED from src/main/AndroidManifest.xml:16:97-134
	android:launchMode
		ADDED from src/main/AndroidManifest.xml:16:135-165
	android:windowSoftInputMode
		ADDED from src/main/AndroidManifest.xml:16:276-318
	android:configChanges
		ADDED from src/main/AndroidManifest.xml:16:19-96
	android:theme
		ADDED from src/main/AndroidManifest.xml:16:222-275
	android:name
		ADDED from src/main/AndroidManifest.xml:16:166-221
meta-data#com.facebook.sdk.ApplicationId
ADDED from src/main/AndroidManifest.xml:17:9-102
	android:value
		ADDED from src/main/AndroidManifest.xml:17:66-99
	android:name
		ADDED from src/main/AndroidManifest.xml:17:20-65
meta-data#com.facebook.sdk.ApplicationName
ADDED from src/main/AndroidManifest.xml:18:9-106
	android:value
		ADDED from src/main/AndroidManifest.xml:18:68-103
	android:name
		ADDED from src/main/AndroidManifest.xml:18:20-67
activity#com.facebook.FacebookActivity
ADDED from src/main/AndroidManifest.xml:19:9-186
MERGED from [com.facebook.android:facebook-common:5.5.2] AndroidManifest.xml:29:9-32:66
MERGED from [com.facebook.android:facebook-common:5.5.2] AndroidManifest.xml:29:9-32:66
	android:label
		ADDED from src/main/AndroidManifest.xml:19:103-138
	android:configChanges
		ADDED from src/main/AndroidManifest.xml:19:19-102
	android:theme
		ADDED from [com.facebook.android:facebook-common:5.5.2] AndroidManifest.xml:32:13-63
	android:name
		ADDED from src/main/AndroidManifest.xml:19:139-183
uses-sdk
ADDED from src/main/AndroidManifest.xml:21:5-74
INJECTED from src/main/AndroidManifest.xml:21:5-74
MERGED from [com.facebook.android:facebook-android-sdk:5.5.2] AndroidManifest.xml:24:5-26:41
MERGED from [com.facebook.android:facebook-android-sdk:5.5.2] AndroidManifest.xml:24:5-26:41
MERGED from [com.facebook.android:facebook-login:5.5.2] AndroidManifest.xml:24:5-26:41
MERGED from [com.facebook.android:facebook-login:5.5.2] AndroidManifest.xml:24:5-26:41
MERGED from [com.facebook.android:facebook-share:5.5.2] AndroidManifest.xml:24:5-26:41
MERGED from [com.facebook.android:facebook-share:5.5.2] AndroidManifest.xml:24:5-26:41
MERGED from [com.facebook.android:facebook-common:5.5.2] AndroidManifest.xml:24:5-26:41
MERGED from [com.facebook.android:facebook-common:5.5.2] AndroidManifest.xml:24:5-26:41
MERGED from [com.facebook.android:facebook-places:5.5.2] AndroidManifest.xml:24:5-26:41
MERGED from [com.facebook.android:facebook-places:5.5.2] AndroidManifest.xml:24:5-26:41
MERGED from [com.facebook.android:facebook-applinks:5.5.2] AndroidManifest.xml:24:5-26:41
MERGED from [com.facebook.android:facebook-applinks:5.5.2] AndroidManifest.xml:24:5-26:41
MERGED from [com.facebook.android:facebook-messenger:5.5.2] AndroidManifest.xml:24:5-26:41
MERGED from [com.facebook.android:facebook-messenger:5.5.2] AndroidManifest.xml:24:5-26:41
MERGED from [com.facebook.android:facebook-core:5.5.2] AndroidManifest.xml:24:5-26:41
MERGED from [com.facebook.android:facebook-core:5.5.2] AndroidManifest.xml:24:5-26:41
MERGED from [com.android.support:appcompat-v7:27.0.2] AndroidManifest.xml:20:5-44
MERGED from [com.android.support:appcompat-v7:27.0.2] AndroidManifest.xml:20:5-44
MERGED from [com.android.support:cardview-v7:27.0.2] AndroidManifest.xml:20:5-44
MERGED from [com.android.support:cardview-v7:27.0.2] AndroidManifest.xml:20:5-44
MERGED from [com.android.support:customtabs:27.0.2] AndroidManifest.xml:20:5-44
MERGED from [com.android.support:customtabs:27.0.2] AndroidManifest.xml:20:5-44
MERGED from [com.android.support:animated-vector-drawable:27.0.2] AndroidManifest.xml:20:5-44
MERGED from [com.android.support:animated-vector-drawable:27.0.2] AndroidManifest.xml:20:5-44
MERGED from [com.android.support:support-vector-drawable:27.0.2] AndroidManifest.xml:20:5-44
MERGED from [com.android.support:support-vector-drawable:27.0.2] AndroidManifest.xml:20:5-44
MERGED from [com.android.support:support-v4:27.1.1] AndroidManifest.xml:20:5-44
MERGED from [com.android.support:support-v4:27.1.1] AndroidManifest.xml:20:5-44
MERGED from [com.android.support:support-fragment:27.1.1] AndroidManifest.xml:20:5-44
MERGED from [com.android.support:support-fragment:27.1.1] AndroidManifest.xml:20:5-44
MERGED from [com.android.support:support-core-ui:27.1.1] AndroidManifest.xml:20:5-44
MERGED from [com.android.support:support-core-ui:27.1.1] AndroidManifest.xml:20:5-44
MERGED from [com.android.support:support-core-utils:27.1.1] AndroidManifest.xml:20:5-44
MERGED from [com.android.support:support-core-utils:27.1.1] AndroidManifest.xml:20:5-44
MERGED from [com.android.support:support-media-compat:27.1.1] AndroidManifest.xml:20:5-44
MERGED from [com.android.support:support-media-compat:27.1.1] AndroidManifest.xml:20:5-44
MERGED from [com.android.support:support-compat:27.1.1] AndroidManifest.xml:20:5-44
MERGED from [com.android.support:support-compat:27.1.1] AndroidManifest.xml:20:5-44
MERGED from [:CordovaLib] AndroidManifest.xml:25:5-44
MERGED from [:CordovaLib] AndroidManifest.xml:25:5-44
MERGED from [android.arch.lifecycle:runtime:1.1.0] AndroidManifest.xml:20:5-44
MERGED from [android.arch.lifecycle:runtime:1.1.0] AndroidManifest.xml:20:5-44
MERGED from [android.arch.lifecycle:livedata-core:1.1.0] AndroidManifest.xml:20:5-44
MERGED from [android.arch.lifecycle:livedata-core:1.1.0] AndroidManifest.xml:20:5-44
MERGED from [android.arch.lifecycle:viewmodel:1.1.0] AndroidManifest.xml:20:5-44
MERGED from [android.arch.lifecycle:viewmodel:1.1.0] AndroidManifest.xml:20:5-44
MERGED from [android.arch.core:runtime:1.1.0] AndroidManifest.xml:20:5-44
MERGED from [android.arch.core:runtime:1.1.0] AndroidManifest.xml:20:5-44
INJECTED from src/main/AndroidManifest.xml:21:5-74
	android:targetSdkVersion
		ADDED from src/main/AndroidManifest.xml:21:42-71
	android:minSdkVersion
		ADDED from src/main/AndroidManifest.xml:21:15-41
		INJECTED from src/main/AndroidManifest.xml
		INJECTED from src/main/AndroidManifest.xml
uses-permission#android.permission.WRITE_EXTERNAL_STORAGE
ADDED from src/main/AndroidManifest.xml:22:5-81
	android:name
		ADDED from src/main/AndroidManifest.xml:22:22-78
uses-permission#android.permission.READ_EXTERNAL_STORAGE
ADDED from src/main/AndroidManifest.xml:23:5-80
	android:name
		ADDED from src/main/AndroidManifest.xml:23:22-77
uses-permission#android.permission.ACCESS_WIFI_STATE
ADDED from src/main/AndroidManifest.xml:24:5-76
	android:name
		ADDED from src/main/AndroidManifest.xml:24:22-73
meta-data#android.support.FILE_PROVIDER_PATHS
ADDED from src/main/AndroidManifest.xml:13:13-123
	android:resource
		ADDED from src/main/AndroidManifest.xml:13:75-120
	android:name
		ADDED from src/main/AndroidManifest.xml:13:24-74
activity#com.facebook.CustomTabMainActivity
ADDED from [com.facebook.android:facebook-common:5.5.2] AndroidManifest.xml:33:9-71
	android:name
		ADDED from [com.facebook.android:facebook-common:5.5.2] AndroidManifest.xml:33:19-68
activity#com.facebook.CustomTabActivity
ADDED from [com.facebook.android:facebook-common:5.5.2] AndroidManifest.xml:34:9-67
	android:name
		ADDED from [com.facebook.android:facebook-common:5.5.2] AndroidManifest.xml:34:19-64
provider#com.facebook.internal.FacebookInitProvider
ADDED from [com.facebook.android:facebook-core:5.5.2] AndroidManifest.xml:39:9-42:40
	android:authorities
		ADDED from [com.facebook.android:facebook-core:5.5.2] AndroidManifest.xml:41:13-72
	android:exported
		ADDED from [com.facebook.android:facebook-core:5.5.2] AndroidManifest.xml:42:13-37
	android:name
		ADDED from [com.facebook.android:facebook-core:5.5.2] AndroidManifest.xml:40:13-70
receiver#com.facebook.CurrentAccessTokenExpirationBroadcastReceiver
ADDED from [com.facebook.android:facebook-core:5.5.2] AndroidManifest.xml:44:9-50:20
	android:exported
		ADDED from [com.facebook.android:facebook-core:5.5.2] AndroidManifest.xml:46:13-37
	android:name
		ADDED from [com.facebook.android:facebook-core:5.5.2] AndroidManifest.xml:45:13-86
intent-filter#com.facebook.sdk.ACTION_CURRENT_ACCESS_TOKEN_CHANGED
ADDED from [com.facebook.android:facebook-core:5.5.2] AndroidManifest.xml:47:13-49:29
action#com.facebook.sdk.ACTION_CURRENT_ACCESS_TOKEN_CHANGED
ADDED from [com.facebook.android:facebook-core:5.5.2] AndroidManifest.xml:48:17-95
	android:name
		ADDED from [com.facebook.android:facebook-core:5.5.2] AndroidManifest.xml:48:25-92
receiver#com.facebook.CampaignTrackingReceiver
ADDED from [com.facebook.android:facebook-core:5.5.2] AndroidManifest.xml:51:9-58:20
	android:exported
		ADDED from [com.facebook.android:facebook-core:5.5.2] AndroidManifest.xml:53:13-36
	android:permission
		ADDED from [com.facebook.android:facebook-core:5.5.2] AndroidManifest.xml:54:13-69
	android:name
		ADDED from [com.facebook.android:facebook-core:5.5.2] AndroidManifest.xml:52:13-65
intent-filter#com.android.vending.INSTALL_REFERRER
ADDED from [com.facebook.android:facebook-core:5.5.2] AndroidManifest.xml:55:13-57:29
action#com.android.vending.INSTALL_REFERRER
ADDED from [com.facebook.android:facebook-core:5.5.2] AndroidManifest.xml:56:17-79
	android:name
		ADDED from [com.facebook.android:facebook-core:5.5.2] AndroidManifest.xml:56:25-76